<?xml version="1.0" encoding="UTF-8"?>
<!-- Generated by org.testng.reporters.JUnitReportReporter -->
<testsuite hostname="BANPC0XGV2W" failures="0" tests="1" name="com.w2a.testCases.Add_Customer_Test" time="0.000" errors="0" timestamp="07 Jul 2020 22:57:52 GMT" skipped="1">
  <testcase classname="com.w2a.testCases.Add_Customer_Test" name="AddCustomer" time="0.000">
    <skipped/>
  </testcase> <!-- AddCustomer -->
</testsuite> <!-- com.w2a.testCases.Add_Customer_Test -->
