<?xml version="1.0" encoding="UTF-8"?>
<!-- Generated by org.testng.reporters.JUnitReportReporter -->
<testsuite hostname="BANPC0XGV2W" failures="0" tests="1" name="com.w2a.testCases.LoginTest" time="3.101" errors="0" timestamp="29 Jun 2020 11:18:37 GMT" skipped="0">
  <testcase classname="com.w2a.testCases.LoginTest" name="LoginAsbankmgr" time="3.101"/>
</testsuite> <!-- com.w2a.testCases.LoginTest -->
